modules/overlay-module/android/build/intermediates/manifest_merge_blame_file/debug/processDebugManifest/manifest-merger-blame-debug-report.txt
1<?xml version="1.0" encoding="utf-8"?>
2<manifest xmlns:android="http://schemas.android.com/apk/res/android"
3    package="expo.modules.overlaymodule" >
4
5    <uses-sdk android:minSdkVersion="24" />
6
7    <application>
7-->src/main/AndroidManifest.xml:2:5-36:19
8        <activity
8-->src/main/AndroidManifest.xml:3:9-16:20
9            android:name="expo.modules.overlaymodule.AssistProxyActivity"
9-->src/main/AndroidManifest.xml:4:13-47
10            android:excludeFromRecents="true"
10-->src/main/AndroidManifest.xml:7:13-46
11            android:exported="true"
11-->src/main/AndroidManifest.xml:10:13-36
12            android:label="Test Assist Proxy"
12-->src/main/AndroidManifest.xml:5:13-46
13            android:noHistory="true"
13-->src/main/AndroidManifest.xml:8:13-37
14            android:taskAffinity=""
14-->src/main/AndroidManifest.xml:9:13-36
15            android:theme="@android:style/Theme.NoDisplay" >
15-->src/main/AndroidManifest.xml:6:13-59
16            <intent-filter>
16-->src/main/AndroidManifest.xml:12:13-15:29
17                <action android:name="android.intent.action.ASSIST" />
17-->src/main/AndroidManifest.xml:13:17-71
17-->src/main/AndroidManifest.xml:13:25-68
18
19                <category android:name="android.intent.category.DEFAULT" />
19-->src/main/AndroidManifest.xml:14:17-76
19-->src/main/AndroidManifest.xml:14:27-73
20            </intent-filter>
21        </activity>
22
23        <service
23-->src/main/AndroidManifest.xml:17:9-29:19
24            android:name="expo.modules.overlaymodule.VoiceInteractionService"
24-->src/main/AndroidManifest.xml:18:13-51
25            android:exported="true"
25-->src/main/AndroidManifest.xml:20:13-36
26            android:permission="android.permission.BIND_VOICE_INTERACTION" >
26-->src/main/AndroidManifest.xml:19:13-75
27            <meta-data
27-->src/main/AndroidManifest.xml:22:13-25:15
28                android:name="android.voice_interaction"
28-->src/main/AndroidManifest.xml:23:17-57
29                android:resource="@xml/interaction_service" />
29-->src/main/AndroidManifest.xml:24:17-60
30
31            <intent-filter>
31-->src/main/AndroidManifest.xml:26:13-28:29
32                <action android:name="android.service.voice.VoiceInteractionService" />
32-->src/main/AndroidManifest.xml:27:17-88
32-->src/main/AndroidManifest.xml:27:25-85
33            </intent-filter>
34        </service>
35        <service
35-->src/main/AndroidManifest.xml:30:9-35:19
36            android:name="expo.modules.overlaymodule.VoiceInteractionSessionService"
36-->src/main/AndroidManifest.xml:31:13-58
37            android:exported="true"
37-->src/main/AndroidManifest.xml:33:13-36
38            android:permission="android.permission.BIND_VOICE_INTERACTION" >
38-->src/main/AndroidManifest.xml:32:13-75
39        </service>
40    </application>
41
42</manifest>